Arguments: 
  C:\Program Files\nodejs\node.exe C:\Program Files\nodejs\node_modules\yarn\bin\yarn.js init -u

PATH: 
  C:\Users\eel_s\bin;C:\Program Files\Git\mingw64\bin;C:\Program Files\Git\usr\local\bin;C:\Program Files\Git\usr\bin;C:\Program Files\Git\usr\bin;C:\Program Files\Git\mingw64\bin;C:\Program Files\Git\usr\bin;C:\Users\eel_s\bin;C:\Windows\system32;C:\Windows;C:\Windows\System32\Wbem;C:\Windows\System32\WindowsPowerShell\v1.0;C:\Windows\System32\OpenSSH;C:\Users\eel_s\AppData\Roaming\nvm;C:\Program Files\nodejs;C:\Program Files\ojdkbuild\java-1.8.0-openjdk-1.8.0.302-1\bin;C:\Program Files\ojdkbuild\java-1.8.0-openjdk-1.8.0.302-1\jre\bin;C:\Program Files\ojdkbuild\java-1.8.0-openjdk-1.8.0.302-1\bin;C:\Program Files\Git\cmd;C:\Program Files\dotnet;C:\Program Files (x86)\dotnet;C:\Program Files\nodejs;C:\Program Files\TortoiseSVN\bin;C:\Program Files (x86)\NetSarang\Xshell 7;C:\Program Files (x86)\NetSarang\Xftp 7;C:\Program Files\OpenSSL\bin;C:\Users\eel_s\AppData\Local\Microsoft\WindowsApps;C:\Program Files\Bandizip;C:\Users\eel_s\AppData\Roaming\nvm;C:\Program Files\nodejs;C:\Users\eel_s\AppData\Local\Programs\Microsoft VS Code\bin;C:\Program Files\JetBrains\IntelliJ IDEA Community Edition 2021.2.3\bin;C:\Program Files\Git\usr\bin\vendor_perl;C:\Program Files\Git\usr\bin\core_perl

Yarn version: 
  1.22.17

Node version: 
  14.18.2

Platform: 
  win32 x64

Trace: 
  Error: Can't answer a question unless a user TTY
      at ConsoleReporter.question (C:\Users\eel_s\AppData\Roaming\nvm\v14.18.2\node_modules\yarn\lib\cli.js:96935:59)
      at Object.<anonymous> (C:\Users\eel_s\AppData\Roaming\nvm\v14.18.2\node_modules\yarn\lib\cli.js:89125:38)
      at Generator.next (<anonymous>)
      at step (C:\Users\eel_s\AppData\Roaming\nvm\v14.18.2\node_modules\yarn\lib\cli.js:310:30)
      at C:\Users\eel_s\AppData\Roaming\nvm\v14.18.2\node_modules\yarn\lib\cli.js:321:13

npm manifest: 
  No manifest

yarn manifest: 
  No manifest

Lockfile: 
  No lockfile
